0 verbose cli C:\Program Files\nodejs\node.exe C:\Program Files\nodejs\node_modules\npm\bin\npm-cli.js
1 info using npm@10.2.4
2 info using node@v20.11.1
3 timing npm:load:whichnode Completed in 70ms
4 timing config:load:defaults Completed in 6ms
5 timing config:load:file:C:\Program Files\nodejs\node_modules\npm\npmrc Completed in 6ms
6 timing config:load:builtin Completed in 8ms
7 timing config:load:cli Completed in 3ms
8 timing config:load:env Completed in 2ms
9 timing config:load:file:C:\Users\sohan\OneDrive\Desktop\Kapil\Server\.npmrc Completed in 0ms
10 timing config:load:project Completed in 2ms
11 timing config:load:file:C:\Users\sohan\.npmrc Completed in 1ms
12 timing config:load:user Completed in 1ms
13 timing config:load:file:C:\Users\sohan\AppData\Roaming\npm\etc\npmrc Completed in 1ms
14 timing config:load:global Completed in 1ms
15 timing config:load:setEnvs Completed in 2ms
16 timing config:load Completed in 25ms
17 timing npm:load:configload Completed in 25ms
18 timing config:load:flatten Completed in 16ms
19 timing npm:load:mkdirpcache Completed in 43ms
20 timing npm:load:mkdirplogs Completed in 33ms
21 verbose title npm nodemon start
22 verbose argv "nodemon" "start"
23 timing npm:load:setTitle Completed in 18ms
24 timing npm:load:display Completed in 1ms
25 verbose logfile logs-max:10 dir:C:\Users\sohan\OneDrive\Desktop\Kapil\Server\UserssohanAppDataRoamingnpm-cache\_logs\2024-08-05T17_29_04_306Z-
26 verbose logfile C:\Users\sohan\OneDrive\Desktop\Kapil\Server\UserssohanAppDataRoamingnpm-cache\_logs\2024-08-05T17_29_04_306Z-debug-0.log
27 timing npm:load:logFile Completed in 21ms
28 timing npm:load:timers Completed in 0ms
29 timing npm:load:configScope Completed in 0ms
30 timing npm:load Completed in 436ms
31 silly logfile done cleaning log files
32 verbose exit 1
33 timing npm Completed in 667ms
34 verbose code 1
