0 verbose cli C:\Program Files\nodejs\node.exe C:\Program Files\nodejs\node_modules\npm\bin\npm-cli.js
1 info using npm@10.2.4
2 info using node@v20.11.1
3 timing npm:load:whichnode Completed in 395ms
4 timing config:load:defaults Completed in 8ms
5 timing config:load:file:C:\Program Files\nodejs\node_modules\npm\npmrc Completed in 8ms
6 timing config:load:builtin Completed in 9ms
7 timing config:load:cli Completed in 6ms
8 timing config:load:env Completed in 1ms
9 timing config:load:file:C:\Users\sohan\OneDrive\Desktop\Kapil\Server\.npmrc Completed in 0ms
10 timing config:load:project Completed in 2ms
11 timing config:load:file:C:\Users\sohan\.npmrc Completed in 0ms
12 timing config:load:user Completed in 0ms
13 timing config:load:file:C:\Users\sohan\AppData\Roaming\npm\etc\npmrc Completed in 0ms
14 timing config:load:global Completed in 0ms
15 timing config:load:setEnvs Completed in 2ms
16 timing config:load Completed in 29ms
17 timing npm:load:configload Completed in 30ms
18 timing config:load:flatten Completed in 4ms
19 timing npm:load:mkdirpcache Completed in 1ms
20 timing npm:load:mkdirplogs Completed in 1ms
21 verbose title npm i dotenv
22 verbose argv "i" "dotenv"
23 timing npm:load:setTitle Completed in 40ms
24 timing npm:load:display Completed in 1ms
25 verbose logfile logs-max:10 dir:C:\Users\sohan\OneDrive\Desktop\Kapil\Server\UserssohanAppDataRoamingnpm-cache\_logs\2024-08-05T17_45_43_890Z-
26 verbose logfile C:\Users\sohan\OneDrive\Desktop\Kapil\Server\UserssohanAppDataRoamingnpm-cache\_logs\2024-08-05T17_45_43_890Z-debug-0.log
27 timing npm:load:logFile Completed in 32ms
28 timing npm:load:timers Completed in 0ms
29 timing npm:load:configScope Completed in 0ms
30 timing npm:load Completed in 787ms
31 timing arborist:ctor Completed in 1ms
32 silly logfile done cleaning log files
33 timing idealTree:init Completed in 157ms
34 timing idealTree:userRequests Completed in 1ms
35 silly idealTree buildDeps
36 silly fetch manifest dotenv@*
37 timing arborist:ctor Completed in 0ms
38 http fetch GET 200 https://registry.npmjs.org/dotenv 995ms (cache miss)
39 silly placeDep ROOT dotenv@16.4.5 OK for: server@1.0.0 want: *
40 timing idealTree:#root Completed in 1012ms
41 timing idealTree:node_modules/dotenv Completed in 0ms
42 timing idealTree:buildDeps Completed in 1014ms
43 timing idealTree:fixDepFlags Completed in 3ms
44 timing idealTree Completed in 1180ms
45 timing reify:loadTrees Completed in 1182ms
46 timing reify:diffTrees Completed in 12ms
47 silly reify moves {}
48 timing reify:retireShallow Completed in 2ms
49 timing reify:createSparse Completed in 16ms
50 timing reify:loadBundles Completed in 0ms
51 silly audit bulk request {
51 silly audit   '@types/node': [ '18.7.13' ],
51 silly audit   '@types/webidl-conversions': [ '6.1.1' ],
51 silly audit   '@types/whatwg-url': [ '8.2.2' ],
51 silly audit   abbrev: [ '1.1.1' ],
51 silly audit   accepts: [ '1.3.8' ],
51 silly audit   'ansi-regex': [ '4.1.1' ],
51 silly audit   'ansi-styles': [ '3.2.1' ],
51 silly audit   anymatch: [ '3.1.3' ],
51 silly audit   'array-flatten': [ '1.1.1' ],
51 silly audit   axios: [ '0.21.2' ],
51 silly audit   'balanced-match': [ '1.0.2' ],
51 silly audit   'base64-js': [ '1.5.1' ],
51 silly audit   bcryptjs: [ '2.4.3' ],
51 silly audit   'binary-extensions': [ '2.2.0' ],
51 silly audit   'body-parser': [ '1.20.1' ],
51 silly audit   'brace-expansion': [ '1.1.11' ],
51 silly audit   braces: [ '3.0.2' ],
51 silly audit   bson: [ '4.7.0' ],
51 silly audit   buffer: [ '5.7.1' ],
51 silly audit   'buffer-equal-constant-time': [ '1.0.1' ],
51 silly audit   bytes: [ '3.1.2' ],
51 silly audit   'call-bind': [ '1.0.2' ],
51 silly audit   chalk: [ '2.4.2' ],
51 silly audit   'supports-color': [ '5.5.0', '6.1.0' ],
51 silly audit   chokidar: [ '3.5.3' ],
51 silly audit   'color-convert': [ '1.9.3' ],
51 silly audit   'color-name': [ '1.1.3' ],
51 silly audit   'concat-map': [ '0.0.1' ],
51 silly audit   concurrently: [ '5.1.0' ],
51 silly audit   camelcase: [ '5.3.1' ],
51 silly audit   cliui: [ '5.0.0' ],
51 silly audit   'find-up': [ '3.0.0' ],
51 silly audit   'get-caller-file': [ '2.0.5' ],
51 silly audit   'locate-path': [ '3.0.0' ],
51 silly audit   'p-limit': [ '2.3.0' ],
51 silly audit   'p-locate': [ '3.0.0' ],
51 silly audit   'p-try': [ '2.2.0' ],
51 silly audit   'require-main-filename': [ '2.0.0' ],
51 silly audit   'string-width': [ '3.1.0' ],
51 silly audit   'strip-ansi': [ '5.2.0' ],
51 silly audit   'wrap-ansi': [ '5.1.0' ],
51 silly audit   yargs: [ '13.3.2' ],
51 silly audit   'yargs-parser': [ '13.1.2' ],
51 silly audit   config: [ '3.3.1' ],
51 silly audit   'content-disposition': [ '0.5.4' ],
51 silly audit   'content-type': [ '1.0.4' ],
51 silly audit   cookie: [ '0.5.0' ],
51 silly audit   'cookie-signature': [ '1.0.6' ],
51 silly audit   cors: [ '2.8.5' ],
51 silly audit   'date-fns': [ '2.12.0' ],
51 silly audit   debug: [ '2.6.9', '4.3.4', '3.2.7' ],
51 silly audit   decamelize: [ '1.2.0' ],
51 silly audit   denque: [ '2.1.0' ],
51 silly audit   depd: [ '2.0.0' ],
51 silly audit   destroy: [ '1.2.0' ],
51 silly audit   'ecdsa-sig-formatter': [ '1.0.11' ],
51 silly audit   'ee-first': [ '1.1.1' ],
51 silly audit   'emoji-regex': [ '7.0.3' ],
51 silly audit   encodeurl: [ '1.0.2' ],
51 silly audit   'error-ex': [ '1.3.2' ],
51 silly audit   'escape-html': [ '1.0.3' ],
51 silly audit   'escape-string-regexp': [ '1.0.5' ],
51 silly audit   etag: [ '1.8.1' ],
51 silly audit   express: [ '4.18.2' ],
51 silly audit   'express-validator': [ '6.13.0' ],
51 silly audit   'fill-range': [ '7.0.1' ],
51 silly audit   finalhandler: [ '1.2.0' ],
51 silly audit   'follow-redirects': [ '1.14.8' ],
51 silly audit   forwarded: [ '0.2.0' ],
51 silly audit   fresh: [ '0.5.2' ],
51 silly audit   fsevents: [ '2.3.2' ],
51 silly audit   'function-bind': [ '1.1.1' ],
51 silly audit   'get-intrinsic': [ '1.1.3' ],
51 silly audit   'glob-parent': [ '5.1.2' ],
51 silly audit   has: [ '1.0.3' ],
51 silly audit   'has-flag': [ '3.0.0' ],
51 silly audit   'has-symbols': [ '1.0.3' ],
51 silly audit   'hosted-git-info': [ '2.8.9' ],
51 silly audit   'http-errors': [ '2.0.0' ],
51 silly audit   'iconv-lite': [ '0.4.24' ],
51 silly audit   ieee754: [ '1.2.1' ],
51 silly audit   'ignore-by-default': [ '1.0.1' ],
51 silly audit   inherits: [ '2.0.4' ],
51 silly audit   ip: [ '2.0.0' ],
51 silly audit   'ipaddr.js': [ '1.9.1' ],
51 silly audit   'is-arrayish': [ '0.2.1' ],
51 silly audit   'is-binary-path': [ '2.1.0' ],
51 silly audit   'is-extglob': [ '2.1.1' ],
51 silly audit   'is-fullwidth-code-point': [ '2.0.0' ],
51 silly audit   'is-glob': [ '4.0.3' ],
51 silly audit   'is-number': [ '7.0.0' ],
51 silly audit   'json-parse-better-errors': [ '1.0.2' ],
51 silly audit   json5: [ '2.1.3' ],
51 silly audit   jsonwebtoken: [ '8.5.1' ],
51 silly audit   ms: [ '2.1.2', '2.1.3', '2.0.0' ],
51 silly audit   jwa: [ '1.4.1' ],
51 silly audit   jws: [ '3.2.2' ],
51 silly audit   kareem: [ '2.4.1' ],
51 silly audit   lodash: [ '4.17.21' ],
51 silly audit   'lodash.includes': [ '4.3.0' ],
51 silly audit   'lodash.isboolean': [ '3.0.3' ],
51 silly audit   'lodash.isinteger': [ '4.0.4' ],
51 silly audit   'lodash.isnumber': [ '3.0.3' ],
51 silly audit   'lodash.isplainobject': [ '4.0.6' ],
51 silly audit   'lodash.isstring': [ '4.0.1' ],
51 silly audit   'lodash.once': [ '4.1.1' ],
51 silly audit   'media-typer': [ '0.3.0' ],
51 silly audit   'memory-pager': [ '1.5.0' ],
51 silly audit   'merge-descriptors': [ '1.0.1' ],
51 silly audit   methods: [ '1.1.2' ],
51 silly audit   mime: [ '1.6.0' ],
51 silly audit   'mime-db': [ '1.52.0' ],
51 silly audit   'mime-types': [ '2.1.35' ],
51 silly audit   minimatch: [ '3.1.2' ],
51 silly audit   minimist: [ '1.2.6' ],
51 silly audit   mongodb: [ '4.7.0' ],
51 silly audit   'mongodb-connection-string-url': [ '2.5.3' ],
51 silly audit   mongoose: [ '6.4.6' ],
51 silly audit   mpath: [ '0.9.0' ],
51 silly audit   mquery: [ '4.0.3' ],
51 silly audit   negotiator: [ '0.6.3' ],
51 silly audit   nodemon: [ '2.0.20' ],
51 silly audit   nopt: [ '1.0.10' ],
51 silly audit   'normalize-package-data': [ '2.5.0' ],
51 silly audit   'normalize-path': [ '3.0.0' ],
51 silly audit   'normalize-url': [ '5.3.1' ],
51 silly audit   'object-assign': [ '4.1.1' ],
51 silly audit   'object-inspect': [ '1.12.2' ],
51 silly audit   'on-finished': [ '2.4.1' ],
51 silly audit   'parse-json': [ '4.0.0' ],
51 silly audit   parseurl: [ '1.3.3' ],
51 silly audit   'path-exists': [ '3.0.0' ],
51 silly audit   'path-parse': [ '1.0.7' ],
51 silly audit   'path-to-regexp': [ '0.1.7' ],
51 silly audit   picomatch: [ '2.3.1' ],
51 silly audit   pify: [ '3.0.0' ],
51 silly audit   'proxy-addr': [ '2.0.7' ],
51 silly audit   'pstree.remy': [ '1.1.8' ],
51 silly audit   punycode: [ '2.1.1' ],
51 silly audit   qs: [ '6.11.0' ],
51 silly audit   'range-parser': [ '1.2.1' ],
51 silly audit   'raw-body': [ '2.5.1' ],
51 silly audit   'read-pkg': [ '4.0.1' ],
51 silly audit   readdirp: [ '3.6.0' ],
51 silly audit   'require-directory': [ '2.1.1' ],
51 silly audit   resolve: [ '1.15.1' ],
51 silly audit   rxjs: [ '6.5.5' ],
51 silly audit   'safe-buffer': [ '5.2.1' ],
51 silly audit   'safer-buffer': [ '2.1.2' ],
51 silly audit   saslprep: [ '1.0.3' ],
51 silly audit   semver: [ '5.7.1', '7.0.0' ],
51 silly audit   send: [ '0.18.0' ],
51 silly audit   'serve-static': [ '1.15.0' ],
51 silly audit   'set-blocking': [ '2.0.0' ],
51 silly audit   setprototypeof: [ '1.2.0' ],
51 silly audit   'side-channel': [ '1.0.4' ],
51 silly audit   sift: [ '16.0.0' ],
51 silly audit   'simple-update-notifier': [ '1.1.0' ],
51 silly audit   'smart-buffer': [ '4.2.0' ],
51 silly audit   socks: [ '2.7.0' ],
51 silly audit   'sparse-bitfield': [ '3.0.3' ],
51 silly audit   'spawn-command': [ '0.0.2-1' ],
51 silly audit   'spdx-correct': [ '3.1.0' ],
51 silly audit   'spdx-exceptions': [ '2.2.0' ],
51 silly audit   'spdx-expression-parse': [ '3.0.0' ],
51 silly audit   'spdx-license-ids': [ '3.0.5' ],
51 silly audit   statuses: [ '2.0.1' ],
51 silly audit   'to-regex-range': [ '5.0.1' ],
51 silly audit   toidentifier: [ '1.0.1' ],
51 silly audit   touch: [ '3.1.0' ],
51 silly audit   tr46: [ '3.0.0' ],
51 silly audit   'tree-kill': [ '1.2.2' ],
51 silly audit   tslib: [ '1.11.1' ],
51 silly audit   'type-is': [ '1.6.18' ],
51 silly audit   undefsafe: [ '2.0.5' ],
51 silly audit   unpipe: [ '1.0.0' ],
51 silly audit   'utils-merge': [ '1.0.1' ],
51 silly audit   'validate-npm-package-license': [ '3.0.4' ],
51 silly audit   validator: [ '13.7.0' ],
51 silly audit   vary: [ '1.1.2' ],
51 silly audit   'webidl-conversions': [ '7.0.0' ],
51 silly audit   'whatwg-url': [ '11.0.0' ],
51 silly audit   'which-module': [ '2.0.0' ],
51 silly audit   y18n: [ '4.0.3' ],
51 silly audit   dotenv: [ '16.4.5' ]
51 silly audit }
52 verbose reify failed optional dependency C:\Users\sohan\OneDrive\Desktop\Kapil\Server\node_modules\fsevents
53 silly reify mark deleted [
53 silly reify   'C:\\Users\\sohan\\OneDrive\\Desktop\\Kapil\\Server\\node_modules\\fsevents'
53 silly reify ]
54 timing reifyNode:node_modules/fsevents Completed in 5ms
55 silly tarball no local data for dotenv@https://registry.npmjs.org/dotenv/-/dotenv-16.4.5.tgz. Extracting by manifest.
56 http fetch POST 200 https://registry.npmjs.org/-/npm/v1/security/advisories/bulk 472ms
57 timing auditReport:getReport Completed in 480ms
58 silly audit report {
58 silly audit report   axios: [
58 silly audit report     {
58 silly audit report       id: 1097679,
58 silly audit report       url: 'https://github.com/advisories/GHSA-wf5p-g6vw-rhxx',
58 silly audit report       title: 'Axios Cross-Site Request Forgery Vulnerability',
58 silly audit report       severity: 'moderate',
58 silly audit report       vulnerable_versions: '>=0.8.1 <0.28.0',
58 silly audit report       cwe: [Array],
58 silly audit report       cvss: [Object]
58 silly audit report     }
58 silly audit report   ],
58 silly audit report   braces: [
58 silly audit report     {
58 silly audit report       id: 1098094,
58 silly audit report       url: 'https://github.com/advisories/GHSA-grv7-fg5c-xmjg',
58 silly audit report       title: 'Uncontrolled resource consumption in braces',
58 silly audit report       severity: 'high',
58 silly audit report       vulnerable_versions: '<3.0.3',
58 silly audit report       cwe: [Array],
58 silly audit report       cvss: [Object]
58 silly audit report     }
58 silly audit report   ],
58 silly audit report   express: [
58 silly audit report     {
58 silly audit report       id: 1096820,
58 silly audit report       url: 'https://github.com/advisories/GHSA-rv95-896h-c2vc',
58 silly audit report       title: 'Express.js Open Redirect in malformed URLs',
58 silly audit report       severity: 'moderate',
58 silly audit report       vulnerable_versions: '<4.19.2',
58 silly audit report       cwe: [Array],
58 silly audit report       cvss: [Object]
58 silly audit report     }
58 silly audit report   ],
58 silly audit report   'follow-redirects': [
58 silly audit report     {
58 silly audit report       id: 1096353,
58 silly audit report       url: 'https://github.com/advisories/GHSA-jchw-25xp-jwwc',
58 silly audit report       title: 'Follow Redirects improperly handles URLs in the url.parse() function',
58 silly audit report       severity: 'moderate',
58 silly audit report       vulnerable_versions: '<1.15.4',
58 silly audit report       cwe: [Array],
58 silly audit report       cvss: [Object]
58 silly audit report     },
58 silly audit report     {
58 silly audit report       id: 1096856,
58 silly audit report       url: 'https://github.com/advisories/GHSA-cxjh-pqwp-8mfp',
58 silly audit report       title: "follow-redirects' Proxy-Authorization header kept across hosts",
58 silly audit report       severity: 'moderate',
58 silly audit report       vulnerable_versions: '<=1.15.5',
58 silly audit report       cwe: [Array],
58 silly audit report       cvss: [Object]
58 silly audit report     }
58 silly audit report   ],
58 silly audit report   ip: [
58 silly audit report     {
58 silly audit report       id: 1097346,
58 silly audit report       url: 'https://github.com/advisories/GHSA-2p57-rm9w-gvfp',
58 silly audit report       title: 'ip SSRF improper categorization in isPublic',
58 silly audit report       severity: 'high',
58 silly audit report       vulnerable_versions: '<=2.0.1',
58 silly audit report       cwe: [Array],
58 silly audit report       cvss: [Object]
58 silly audit report     },
58 silly audit report     {
58 silly audit report       id: 1097721,
58 silly audit report       url: 'https://github.com/advisories/GHSA-78xj-cgh5-2h22',
58 silly audit report       title: 'NPM IP package incorrectly identifies some private IP addresses as public',
58 silly audit report       severity: 'low',
58 silly audit report       vulnerable_versions: '=2.0.0',
58 silly audit report       cwe: [Array],
58 silly audit report       cvss: [Object]
58 silly audit report     }
58 silly audit report   ],
58 silly audit report   json5: [
58 silly audit report     {
58 silly audit report       id: 1096544,
58 silly audit report       url: 'https://github.com/advisories/GHSA-9c47-m6qq-7p4h',
58 silly audit report       title: 'Prototype Pollution in JSON5 via Parse Method',
58 silly audit report       severity: 'high',
58 silly audit report       vulnerable_versions: '>=2.0.0 <2.2.2',
58 silly audit report       cwe: [Array],
58 silly audit report       cvss: [Object]
58 silly audit report     }
58 silly audit report   ],
58 silly audit report   jsonwebtoken: [
58 silly audit report     {
58 silly audit report       id: 1097684,
58 silly audit report       url: 'https://github.com/advisories/GHSA-qwph-4952-7xr6',
58 silly audit report       title: 'jsonwebtoken vulnerable to signature validation bypass due to insecure default algorithm in jwt.verify()',
58 silly audit report       severity: 'moderate',
58 silly audit report       vulnerable_versions: '<9.0.0',
58 silly audit report       cwe: [Array],
58 silly audit report       cvss: [Object]
58 silly audit report     },
58 silly audit report     {
58 silly audit report       id: 1097690,
58 silly audit report       url: 'https://github.com/advisories/GHSA-8cf7-32gw-wr33',
58 silly audit report       title: 'jsonwebtoken unrestricted key type could lead to legacy keys usage ',
58 silly audit report       severity: 'high',
58 silly audit report       vulnerable_versions: '<=8.5.1',
58 silly audit report       cwe: [Array],
58 silly audit report       cvss: [Object]
58 silly audit report     },
58 silly audit report     {
58 silly audit report       id: 1097694,
58 silly audit report       url: 'https://github.com/advisories/GHSA-hjrf-2m68-5959',
58 silly audit report       title: "jsonwebtoken's insecure implementation of key retrieval function could lead to Forgeable Public/Private Tokens from RSA to HMAC",
58 silly audit report       severity: 'moderate',
58 silly audit report       vulnerable_versions: '<=8.5.1',
58 silly audit report       cwe: [Array],
58 silly audit report       cvss: [Object]
58 silly audit report     }
58 silly audit report   ],
58 silly audit report   mongodb: [
58 silly audit report     {
58 silly audit report       id: 1096429,
58 silly audit report       url: 'https://github.com/advisories/GHSA-vxvm-qww3-2fh7',
58 silly audit report       title: 'MongoDB Driver may publish events containing authentication-related data',
58 silly audit report       severity: 'moderate',
58 silly audit report       vulnerable_versions: '>=4.0.0 <4.17.0',
58 silly audit report       cwe: [Array],
58 silly audit report       cvss: [Object]
58 silly audit report     }
58 silly audit report   ],
58 silly audit report   mongoose: [
58 silly audit report     {
58 silly audit report       id: 1095081,
58 silly audit report       url: 'https://github.com/advisories/GHSA-9m93-w8w6-76hh',
58 silly audit report       title: 'Mongoose Prototype Pollution vulnerability',
58 silly audit report       severity: 'critical',
58 silly audit report       vulnerable_versions: '>=6.0.0 <6.11.3',
58 silly audit report       cwe: [Array],
58 silly audit report       cvss: [Object]
58 silly audit report     }
58 silly audit report   ],
58 silly audit report   semver: [
58 silly audit report     {
58 silly audit report       id: 1096482,
58 silly audit report       url: 'https://github.com/advisories/GHSA-c2qf-rxjj-qqgw',
58 silly audit report       title: 'semver vulnerable to Regular Expression Denial of Service',
58 silly audit report       severity: 'moderate',
58 silly audit report       vulnerable_versions: '>=7.0.0 <7.5.2',
58 silly audit report       cwe: [Array],
58 silly audit report       cvss: [Object]
58 silly audit report     },
58 silly audit report     {
58 silly audit report       id: 1096483,
58 silly audit report       url: 'https://github.com/advisories/GHSA-c2qf-rxjj-qqgw',
58 silly audit report       title: 'semver vulnerable to Regular Expression Denial of Service',
58 silly audit report       severity: 'moderate',
58 silly audit report       vulnerable_versions: '<5.7.2',
58 silly audit report       cwe: [Array],
58 silly audit report       cvss: [Object]
58 silly audit report     }
58 silly audit report   ]
58 silly audit report }
59 timing metavuln:cache:get:security-advisory:axios:Oi6B9AucyObhJnAMQYb3eyigkQbiqrclLJ09eDn16DgUHYfFa+9WQjxUGArwnF1cWOy0gbdKMrAbkp8xW8Fwkg== Completed in 37ms
60 timing metavuln:cache:get:security-advisory:express:lBXrUDHGQ8w6TsFbfO+dIpiL3mSEKXOF2OuvW+b7kHxIhUYJTgPXfCu70PLwR+5DiyOmPyeCmimiWIYaeIPBdw== Completed in 36ms
61 timing metavuln:cache:get:security-advisory:braces:JiXBFkEDkUnBQLw3PO6emUmmm2JXqgEbh+FhB3SNDS8k6Z0wM20irrfaOjjxYuMxZaKaDudvR037mtEoeqZzXw== Completed in 37ms
62 timing metavuln:cache:get:security-advisory:follow-redirects:jg0VmBuYg0rFvpkG3wK2nkx/yTpb1zmGLVl2eFwdShSNm11ekkwkWcvLLCcHYAvNL4IcTZ2Yt/Gv7gSI5zO32A== Completed in 37ms
63 timing metavuln:cache:get:security-advisory:follow-redirects:rD8yi3a8mVyeNvoX3wItq4e+Oa65QVDtc8KKes6VfIYPKX53VkWnOuxGYgUihdiwlz4i5mjg4yX/2qVYafhjyA== Completed in 37ms
64 timing metavuln:cache:get:security-advisory:ip:PkoqnAOsihoHuR3Fk5c0mRFtnSsUI5BU8nrxHUr93qnnimkRh/gSLq0v3US3+taG3o41fEv3+6ICgO+/cag93Q== Completed in 37ms
65 timing metavuln:cache:get:security-advisory:ip:b30c5XyTTW4mB+FTN7C/h1vhoJFO9OI8Q+LTllMkSK3uH9C7IrxRvaSJh85+QHMX79NvRWdtpRRPVOFX+5JL7A== Completed in 38ms
66 timing metavuln:cache:get:security-advisory:json5:fZZXqbTtScG+x9dPiGwZauas4Wnr4ukHHwXo75klcat28PAxRK2Y9PpIw2GXhgpQucSuc/WsXxRe2gxUXNbyuA== Completed in 38ms
67 timing metavuln:cache:get:security-advisory:jsonwebtoken:gJqSCD4zydVXFGjiKFGkxE3Sjqe7aoO8sEBeaVyz/gQNoHf32ThtuCQSzo/ghVEPKmVAQqTQ8WU8UsaHUGM2RA== Completed in 37ms
68 timing metavuln:cache:get:security-advisory:jsonwebtoken:AWeqo/a1J2Dj63hxijAXU/+IVo7L9ikPjHZ6HPqYtD6rgx/Tf6wIgCbAkD9l9rZySB0bibmy4lzS0vg5crnikQ== Completed in 39ms
69 timing metavuln:cache:get:security-advisory:mongodb:bOOjI54v44263Mh7SmRVjH2ndTkStKVS+54ZeHXHKRhn4ou1xpVRthtXDHSWd7r3mxWH22vU798Esud82jawNQ== Completed in 38ms
70 timing metavuln:cache:get:security-advisory:jsonwebtoken:kOTND8lj80UMLVZAnoUR7Qvacg2ASEyYZGHmNst2rrYDlL83TlZtYxYFu7wnCvImBGXlnu0fGfk9T/oaa93CaQ== Completed in 39ms
71 timing metavuln:cache:get:security-advisory:semver:YpN6YES21bdtFcj77J4gyDAcoFtVQs6y6pK52a0QXHM6ITXJjpkpE9IpjL8F/hL80Wqt9oIs2axXssYOcSOYHA== Completed in 35ms
72 timing metavuln:cache:get:security-advisory:mongoose:GlI/umlkIS4hOh3EjUZDUNrMm+E/LcdW4fYuWJrv/hRyxO5zqCYw0pNEutJ+hhAJ7YYOBAvoP3m5kcJ2CQrYkw== Completed in 40ms
73 timing metavuln:cache:get:security-advisory:semver:g1vJG11wXBTamuqcp6anLd2yC0AnCjlhaLFglyJx4rEfKLK+YF116HpQw1CsB0bwCPUkxcSemSBkmLIdEXe6xw== Completed in 40ms
74 http fetch GET 200 https://registry.npmjs.org/follow-redirects 409ms (cache hit)
75 timing metavuln:packument:follow-redirects Completed in 412ms
76 timing metavuln:load:security-advisory:follow-redirects:1096353 Completed in 1ms
77 timing metavuln:calculate:security-advisory:follow-redirects:1096353 Completed in 413ms
78 timing metavuln:load:security-advisory:follow-redirects:1096856 Completed in 1ms
79 timing metavuln:calculate:security-advisory:follow-redirects:1096856 Completed in 413ms
80 http fetch GET 200 https://registry.npmjs.org/express 416ms (cache hit)
81 timing metavuln:packument:express Completed in 424ms
82 timing metavuln:load:security-advisory:express:1096820 Completed in 3ms
83 timing metavuln:calculate:security-advisory:express:1096820 Completed in 427ms
84 http fetch GET 200 https://registry.npmjs.org/mongodb 426ms (cache hit)
85 timing metavuln:packument:mongodb Completed in 459ms
86 timing metavuln:load:security-advisory:mongodb:1096429 Completed in 12ms
87 timing metavuln:calculate:security-advisory:mongodb:1096429 Completed in 472ms
88 http fetch GET 200 https://registry.npmjs.org/axios 489ms (cache hit)
89 timing metavuln:packument:axios Completed in 494ms
90 timing metavuln:load:security-advisory:axios:1097679 Completed in 0ms
91 timing metavuln:calculate:security-advisory:axios:1097679 Completed in 495ms
92 http fetch GET 200 https://registry.npmjs.org/json5 494ms (cache hit)
93 timing metavuln:packument:json5 Completed in 494ms
94 timing metavuln:load:security-advisory:json5:1096544 Completed in 0ms
95 timing metavuln:calculate:security-advisory:json5:1096544 Completed in 496ms
96 http fetch GET 200 https://registry.npmjs.org/braces 497ms (cache hit)
97 timing metavuln:packument:braces Completed in 500ms
98 timing metavuln:load:security-advisory:braces:1098094 Completed in 1ms
99 timing metavuln:calculate:security-advisory:braces:1098094 Completed in 501ms
100 http fetch GET 200 https://registry.npmjs.org/ip 499ms (cache hit)
101 timing metavuln:packument:ip Completed in 500ms
102 timing metavuln:load:security-advisory:ip:1097346 Completed in 0ms
103 timing metavuln:calculate:security-advisory:ip:1097346 Completed in 500ms
104 timing metavuln:load:security-advisory:ip:1097721 Completed in 0ms
105 timing metavuln:calculate:security-advisory:ip:1097721 Completed in 500ms
106 http fetch GET 200 https://registry.npmjs.org/semver 573ms (cache hit)
107 timing metavuln:packument:semver Completed in 576ms
108 timing metavuln:load:security-advisory:semver:1096482 Completed in 0ms
109 timing metavuln:calculate:security-advisory:semver:1096482 Completed in 578ms
110 timing metavuln:load:security-advisory:semver:1096483 Completed in 6ms
111 timing metavuln:calculate:security-advisory:semver:1096483 Completed in 583ms
112 http fetch GET 200 https://registry.npmjs.org/jsonwebtoken 644ms (cache hit)
113 timing metavuln:packument:jsonwebtoken Completed in 645ms
114 timing metavuln:load:security-advisory:jsonwebtoken:1097684 Completed in 0ms
115 timing metavuln:calculate:security-advisory:jsonwebtoken:1097684 Completed in 646ms
116 timing metavuln:load:security-advisory:jsonwebtoken:1097690 Completed in 0ms
117 timing metavuln:calculate:security-advisory:jsonwebtoken:1097690 Completed in 645ms
118 timing metavuln:load:security-advisory:jsonwebtoken:1097694 Completed in 1ms
119 timing metavuln:calculate:security-advisory:jsonwebtoken:1097694 Completed in 646ms
120 http fetch GET 200 https://registry.npmjs.org/mongoose 650ms (cache hit)
121 timing metavuln:packument:mongoose Completed in 687ms
122 timing metavuln:load:security-advisory:mongoose:1095081 Completed in 5ms
123 timing metavuln:calculate:security-advisory:mongoose:1095081 Completed in 692ms
124 timing metavuln:cache:get:security-advisory:chokidar:LU+YLfVnn6vFXVAvnsGqd58Rz8g6tJ60ZMP+wazsDeQPoFbTHjxfCKIpn7lW6acFOIKvNjhthFMXqTIaWevt+w== Completed in 44ms
125 http fetch GET 200 https://registry.npmjs.org/chokidar 319ms (cache hit)
126 timing metavuln:packument:chokidar Completed in 323ms
127 timing metavuln:load:security-advisory:chokidar:JiXBFkEDkUnBQLw3PO6emUmmm2JXqgEbh+FhB3SNDS8k6Z0wM20irrfaOjjxYuMxZaKaDudvR037mtEoeqZzXw== Completed in 1ms
128 timing metavuln:calculate:security-advisory:chokidar:JiXBFkEDkUnBQLw3PO6emUmmm2JXqgEbh+FhB3SNDS8k6Z0wM20irrfaOjjxYuMxZaKaDudvR037mtEoeqZzXw== Completed in 325ms
129 timing metavuln:cache:get:security-advisory:axios:6FM9PhfJw5vbHJTRjXs/VQZTFU51ugCLixAa273gUOTlL/0ZdQ/yItjH9/V0+Ju8EzJZ4OzfL8R7BsgLWMEdfg== Completed in 701ms
130 timing metavuln:load:security-advisory:axios:jg0VmBuYg0rFvpkG3wK2nkx/yTpb1zmGLVl2eFwdShSNm11ekkwkWcvLLCcHYAvNL4IcTZ2Yt/Gv7gSI5zO32A== Completed in 1ms
131 timing metavuln:calculate:security-advisory:axios:jg0VmBuYg0rFvpkG3wK2nkx/yTpb1zmGLVl2eFwdShSNm11ekkwkWcvLLCcHYAvNL4IcTZ2Yt/Gv7gSI5zO32A== Completed in 702ms
132 timing metavuln:cache:get:security-advisory:socks:f5XCp2ljmYx1MvK05GgjPyGm2Bhb0RXdcdQnImLwhcgLAcnEN+cfA75kmaCRFSnVcub6FJ6rl24VEcQAv5Ml7g== Completed in 96ms
133 http fetch GET 200 https://registry.npmjs.org/socks 256ms (cache hit)
134 timing metavuln:packument:socks Completed in 259ms
135 timing metavuln:load:security-advisory:socks:PkoqnAOsihoHuR3Fk5c0mRFtnSsUI5BU8nrxHUr93qnnimkRh/gSLq0v3US3+taG3o41fEv3+6ICgO+/cag93Q== Completed in 1ms
136 timing metavuln:calculate:security-advisory:socks:PkoqnAOsihoHuR3Fk5c0mRFtnSsUI5BU8nrxHUr93qnnimkRh/gSLq0v3US3+taG3o41fEv3+6ICgO+/cag93Q== Completed in 261ms
137 timing metavuln:cache:get:security-advisory:config:+07jvpaDFC5FWquJ+78RKfOcjmX9avS+iCdJLiI9U1J9gtYRcD8FqJyjYZ0VCftLzPzD4NLR8DBlrXja5JfSfQ== Completed in 102ms
138 http fetch GET 200 https://registry.npmjs.org/dotenv/-/dotenv-16.4.5.tgz 2641ms (cache miss)
139 timing reifyNode:node_modules/dotenv Completed in 2651ms
140 timing reify:unpack Completed in 2651ms
141 timing reify:unretire Completed in 0ms
142 http fetch GET 200 https://registry.npmjs.org/config 183ms (cache hit)
143 timing metavuln:packument:config Completed in 186ms
144 timing metavuln:load:security-advisory:config:fZZXqbTtScG+x9dPiGwZauas4Wnr4ukHHwXo75klcat28PAxRK2Y9PpIw2GXhgpQucSuc/WsXxRe2gxUXNbyuA== Completed in 1ms
145 timing metavuln:calculate:security-advisory:config:fZZXqbTtScG+x9dPiGwZauas4Wnr4ukHHwXo75klcat28PAxRK2Y9PpIw2GXhgpQucSuc/WsXxRe2gxUXNbyuA== Completed in 187ms
146 timing build:queue Completed in 59ms
147 timing build:deps Completed in 60ms
148 timing build Completed in 61ms
149 timing reify:build Completed in 61ms
150 timing reify:trash Completed in 30ms
151 timing metavuln:cache:get:security-advisory:mongoose:sqLLNUlglRhqh7ofo391mD0wrOfjTgQyZPS9kKcYgVFasNGOifSL+w2jujRWVrShDxRJOzo7olR2LE5B6Owv/w== Completed in 69ms
152 timing metavuln:load:security-advisory:mongoose:bOOjI54v44263Mh7SmRVjH2ndTkStKVS+54ZeHXHKRhn4ou1xpVRthtXDHSWd7r3mxWH22vU798Esud82jawNQ== Completed in 8ms
153 timing metavuln:calculate:security-advisory:mongoose:bOOjI54v44263Mh7SmRVjH2ndTkStKVS+54ZeHXHKRhn4ou1xpVRthtXDHSWd7r3mxWH22vU798Esud82jawNQ== Completed in 77ms
154 timing metavuln:cache:get:security-advisory:simple-update-notifier:M18u/m0MDQMDvmdEwXbiD56lvDprnfj4s0cjFbaMX6zgbi51QsLFts7DU2mUWiOOAtu+Ehw4kdeGU9noYQ0L8g== Completed in 520ms
155 timing reify:save Completed in 594ms
156 http fetch GET 200 https://registry.npmjs.org/simple-update-notifier 1023ms (cache hit)
157 timing metavuln:packument:simple-update-notifier Completed in 1025ms
158 timing metavuln:load:security-advisory:simple-update-notifier:g1vJG11wXBTamuqcp6anLd2yC0AnCjlhaLFglyJx4rEfKLK+YF116HpQw1CsB0bwCPUkxcSemSBkmLIdEXe6xw== Completed in 0ms
159 timing metavuln:calculate:security-advisory:simple-update-notifier:g1vJG11wXBTamuqcp6anLd2yC0AnCjlhaLFglyJx4rEfKLK+YF116HpQw1CsB0bwCPUkxcSemSBkmLIdEXe6xw== Completed in 1025ms
160 timing metavuln:cache:get:security-advisory:nodemon:q139jBi2DnqPUB7UuiFdQHEM6O5dOpI9482VRqvKm1hdv43Fw2oc3xQmCv9HvaP5tbDjQa1bVdeCrcIF7fqo8Q== Completed in 240ms
161 timing metavuln:cache:get:security-advisory:jsonwebtoken:gr6EYI7gHOR8hxIPa068MKHvjLG1Rs9/9WDlSRbjzPsmWO7UzRT/Fr6NsLhhmNA659pEIlIlbI67uSj+ucuzxA== Completed in 243ms
162 timing metavuln:load:security-advisory:jsonwebtoken:YpN6YES21bdtFcj77J4gyDAcoFtVQs6y6pK52a0QXHM6ITXJjpkpE9IpjL8F/hL80Wqt9oIs2axXssYOcSOYHA== Completed in 0ms
163 timing metavuln:calculate:security-advisory:jsonwebtoken:YpN6YES21bdtFcj77J4gyDAcoFtVQs6y6pK52a0QXHM6ITXJjpkpE9IpjL8F/hL80Wqt9oIs2axXssYOcSOYHA== Completed in 244ms
164 timing metavuln:cache:get:security-advisory:normalize-package-data:WK7KGvQcpsWaTQW3ZUTjLDWYXHo3ff+sYAbp2tLfVIif/yLxQ2F/ohvmUkVd7z2hIlTWg7ZeHq4fl6Mg6d7Gew== Completed in 241ms
165 http fetch GET 200 https://registry.npmjs.org/nodemon 1586ms (cache miss)
166 timing metavuln:packument:nodemon Completed in 1590ms
167 timing metavuln:load:security-advisory:nodemon:YpN6YES21bdtFcj77J4gyDAcoFtVQs6y6pK52a0QXHM6ITXJjpkpE9IpjL8F/hL80Wqt9oIs2axXssYOcSOYHA== Completed in 11ms
168 http fetch GET 200 https://registry.npmjs.org/normalize-package-data 2381ms (cache miss)
169 timing metavuln:packument:normalize-package-data Completed in 2393ms
170 timing metavuln:load:security-advisory:normalize-package-data:YpN6YES21bdtFcj77J4gyDAcoFtVQs6y6pK52a0QXHM6ITXJjpkpE9IpjL8F/hL80Wqt9oIs2axXssYOcSOYHA== Completed in 23ms
171 timing metavuln:cache:put:security-advisory:nodemon:q139jBi2DnqPUB7UuiFdQHEM6O5dOpI9482VRqvKm1hdv43Fw2oc3xQmCv9HvaP5tbDjQa1bVdeCrcIF7fqo8Q== Completed in 1374ms
172 timing metavuln:calculate:security-advisory:nodemon:YpN6YES21bdtFcj77J4gyDAcoFtVQs6y6pK52a0QXHM6ITXJjpkpE9IpjL8F/hL80Wqt9oIs2axXssYOcSOYHA== Completed in 2978ms
173 timing metavuln:cache:put:security-advisory:normalize-package-data:WK7KGvQcpsWaTQW3ZUTjLDWYXHo3ff+sYAbp2tLfVIif/yLxQ2F/ohvmUkVd7z2hIlTWg7ZeHq4fl6Mg6d7Gew== Completed in 1782ms
174 timing metavuln:calculate:security-advisory:normalize-package-data:YpN6YES21bdtFcj77J4gyDAcoFtVQs6y6pK52a0QXHM6ITXJjpkpE9IpjL8F/hL80Wqt9oIs2axXssYOcSOYHA== Completed in 4199ms
175 timing metavuln:cache:get:security-advisory:mongodb:wIXmZ9WnWSlpI/TO2fhcnT9dNds0oTaNbPxX+9L3PbVYinuGW2YSDzbM7e+1PuV8wUfopUkrwDA3zojF18Bz0Q== Completed in 717ms
176 timing metavuln:load:security-advisory:mongodb:f5XCp2ljmYx1MvK05GgjPyGm2Bhb0RXdcdQnImLwhcgLAcnEN+cfA75kmaCRFSnVcub6FJ6rl24VEcQAv5Ml7g== Completed in 3ms
177 timing metavuln:calculate:security-advisory:mongodb:f5XCp2ljmYx1MvK05GgjPyGm2Bhb0RXdcdQnImLwhcgLAcnEN+cfA75kmaCRFSnVcub6FJ6rl24VEcQAv5Ml7g== Completed in 720ms
178 timing metavuln:cache:get:security-advisory:nodemon:LlhdwIHl4M/JR4zib76MefBJEPX+uwuq0n9pkNv/a0zPscEDGslOieQIg+Z85IXjV3sPNoCwtELa65eYgdww9Q== Completed in 761ms
179 timing metavuln:load:security-advisory:nodemon:M18u/m0MDQMDvmdEwXbiD56lvDprnfj4s0cjFbaMX6zgbi51QsLFts7DU2mUWiOOAtu+Ehw4kdeGU9noYQ0L8g== Completed in 8ms
180 timing metavuln:cache:put:security-advisory:nodemon:LlhdwIHl4M/JR4zib76MefBJEPX+uwuq0n9pkNv/a0zPscEDGslOieQIg+Z85IXjV3sPNoCwtELa65eYgdww9Q== Completed in 101ms
181 timing metavuln:calculate:security-advisory:nodemon:M18u/m0MDQMDvmdEwXbiD56lvDprnfj4s0cjFbaMX6zgbi51QsLFts7DU2mUWiOOAtu+Ehw4kdeGU9noYQ0L8g== Completed in 870ms
182 timing auditReport:init Completed in 9168ms
183 timing reify:audit Completed in 9650ms
184 timing reify Completed in 10937ms
185 silly ADD node_modules/dotenv
186 silly ADD
187 timing command:i Completed in 11246ms
188 verbose exit 0
189 timing npm Completed in 15557ms
190 info ok
